0 info it worked if it ends with ok
1 verbose cli [ 'node', '/usr/local/bin/npm', 'install', 'flames' ]
2 info using npm@1.4.28
3 info using node@v0.10.35
4 warn package.json ExpressHello@1.0.0 No repository field.
5 warn package.json ExpressHello@1.0.0 No README data
6 verbose readDependencies using package.json deps
7 verbose cache add [ 'flames', null ]
8 verbose cache add name=undefined spec="flames" args=["flames",null]
9 verbose parsed url { protocol: null,
9 verbose parsed url   slashes: null,
9 verbose parsed url   auth: null,
9 verbose parsed url   host: null,
9 verbose parsed url   port: null,
9 verbose parsed url   hostname: null,
9 verbose parsed url   hash: null,
9 verbose parsed url   search: null,
9 verbose parsed url   query: null,
9 verbose parsed url   pathname: 'flames',
9 verbose parsed url   path: 'flames',
9 verbose parsed url   href: 'flames' }
10 silly lockFile 267893bc-flames flames
11 verbose lock flames /Users/sobbu/.npm/267893bc-flames.lock
12 silly lockFile 267893bc-flames flames
13 silly lockFile 267893bc-flames flames
14 verbose addNamed [ 'flames', '' ]
15 verbose addNamed [ null, '*' ]
16 silly lockFile 3c7bed38-flames flames@
17 verbose lock flames@ /Users/sobbu/.npm/3c7bed38-flames.lock
18 silly addNameRange { name: 'flames', range: '*', hasData: false }
19 verbose request where is /flames
20 verbose request registry https://registry.npmjs.org/
21 verbose request id b53057b4a001f652
22 verbose url raw /flames
23 verbose url resolving [ 'https://registry.npmjs.org/', './flames' ]
24 verbose url resolved https://registry.npmjs.org/flames
25 verbose request where is https://registry.npmjs.org/flames
26 info trying registry request attempt 1 at 23:21:26
27 http GET https://registry.npmjs.org/flames
28 http 404 https://registry.npmjs.org/flames
29 silly registry.get cb [ 404,
29 silly registry.get   { server: 'CouchDB/1.5.0 (Erlang OTP/R16B03)',
29 silly registry.get     etag: '"65W04W8YS1R01RC7LJBR93PX1"',
29 silly registry.get     'content-type': 'application/json',
29 silly registry.get     'cache-control': 'max-age=0',
29 silly registry.get     'content-length': '402',
29 silly registry.get     'accept-ranges': 'bytes',
29 silly registry.get     date: 'Sun, 26 Jul 2015 06:21:26 GMT',
29 silly registry.get     via: '1.1 varnish',
29 silly registry.get     age: '0',
29 silly registry.get     connection: 'keep-alive',
29 silly registry.get     'x-served-by': 'cache-sjc3128-SJC',
29 silly registry.get     'x-cache': 'MISS',
29 silly registry.get     'x-cache-hits': '0',
29 silly registry.get     'x-timer': 'S1437891686.931150,VS0,VE39',
29 silly registry.get     vary: 'Accept' } ]
30 silly lockFile 3c7bed38-flames flames@
31 silly lockFile 3c7bed38-flames flames@
32 error 404 Not Found
32 error 404
32 error 404 'flames' is not in the npm registry.
32 error 404 You should bug the author to publish it
32 error 404 It was specified as a dependency of 'ExpressHello'
32 error 404
32 error 404 Note that you can also install from a
32 error 404 tarball, folder, or http url, or git url.
33 error System Darwin 14.3.0
34 error command "node" "/usr/local/bin/npm" "install" "flames"
35 error cwd /Users/sobbu/Documents/workspace/flames
36 error node -v v0.10.35
37 error npm -v 1.4.28
38 error code E404
39 verbose exit [ 1, true ]
